c:\dev\orionengine\orionengine\editor\x64\debug\vc145.pdb
c:\dev\orionengine\orionengine\editor\x64\debug\vc145.idb
c:\dev\orionengine\orionengine\editor\x64\debug\main.obj
c:\dev\orionengine\orionengine\editor\x64\debug\imgui_widgets.obj
c:\dev\orionengine\orionengine\editor\x64\debug\imgui_tables.obj
c:\dev\orionengine\orionengine\editor\x64\debug\imgui_draw.obj
c:\dev\orionengine\orionengine\editor\x64\debug\imgui.obj
c:\dev\orionengine\orionengine\editor\x64\debug\imgui_impl_opengl3.obj
c:\dev\orionengine\orionengine\editor\x64\debug\imgui_impl_glfw.obj
c:\dev\orionengine\orionengine\x64\debug\editor.exe
c:\dev\orionengine\orionengine\x64\debug\editor.pdb
c:\dev\orionengine\orionengine\editor\x64\debug\editor.ilk
c:\dev\orionengine\orionengine\editor\x64\debug\editor.tlog\cl.command.1.tlog
c:\dev\orionengine\orionengine\editor\x64\debug\editor.tlog\cl.items.tlog
c:\dev\orionengine\orionengine\editor\x64\debug\editor.tlog\cl.read.1.tlog
c:\dev\orionengine\orionengine\editor\x64\debug\editor.tlog\cl.write.1.tlog
c:\dev\orionengine\orionengine\editor\x64\debug\editor.tlog\link-cvtres.read.1.tlog
c:\dev\orionengine\orionengine\editor\x64\debug\editor.tlog\link-cvtres.write.1.tlog
c:\dev\orionengine\orionengine\editor\x64\debug\editor.tlog\link-rc.read.1.tlog
c:\dev\orionengine\orionengine\editor\x64\debug\editor.tlog\link-rc.write.1.tlog
c:\dev\orionengine\orionengine\editor\x64\debug\editor.tlog\link.command.1.tlog
c:\dev\orionengine\orionengine\editor\x64\debug\editor.tlog\link.read.1.tlog
c:\dev\orionengine\orionengine\editor\x64\debug\editor.tlog\link.read.2.tlog
c:\dev\orionengine\orionengine\editor\x64\debug\editor.tlog\link.read.3.tlog
c:\dev\orionengine\orionengine\editor\x64\debug\editor.tlog\link.read.4.tlog
c:\dev\orionengine\orionengine\editor\x64\debug\editor.tlog\link.secondary.1.tlog
c:\dev\orionengine\orionengine\editor\x64\debug\editor.tlog\link.write.1.tlog
